[2025-12-26T14:55:02.304Z] Receiving Sync: {"offlineId":"TEST-OFFLINE-1766760902243","storeId":"860ca321-5825-4ae7-bd12-58d5d998a7b9","totalAmount":10000,"occurredAt":"2025-12-26T14:55:02.243Z","items":[]}
[2025-12-26T14:55:02.446Z] Success: cf36377b-47c6-47e0-8cd3-dafe898af365
[2025-12-26T14:57:28.414Z] Receiving Sync: {"offlineId":"60027f9d-5f46-4b5f-9692-bcb7577204f7","storeId":"860ca321-5825-4ae7-bd12-58d5d998a7b9","cashierId":"a0781e1b-b3bb-4cb1-89cd-9634621c7e48","totalAmount":15000,"paymentMethod":"CASH","occurredAt":"2025-12-26T21:57:21.847","items":[{"productId":"03c87ca3-97e0-4754-a1e0-e225c6d56e35","quantity":3,"price":5000}]}
[2025-12-26T14:57:28.904Z] Success: 6aa1c555-ef68-4be9-9262-1443bb40bb63
[2025-12-26T15:00:35.565Z] Receiving Sync: {"offlineId":"TEST-OFFLINE-1766761235504","storeId":"860ca321-5825-4ae7-bd12-58d5d998a7b9","totalAmount":10000,"occurredAt":"2025-12-26T15:00:35.504Z","items":[]}
[2025-12-26T15:00:35.635Z] Success: 447c8fe1-e7f2-498b-b01c-0c18c29fa463
[2025-12-26T15:08:51.955Z] Receiving Sync: {"offlineId":"7df39351-6490-4d62-b452-f0a6093669d9","storeId":"860ca321-5825-4ae7-bd12-58d5d998a7b9","cashierId":"a0781e1b-b3bb-4cb1-89cd-9634621c7e48","totalAmount":25000,"paymentMethod":"CASH","occurredAt":"2025-12-26T22:08:09.813","items":[{"productId":"03c87ca3-97e0-4754-a1e0-e225c6d56e35","quantity":2,"price":5000},{"productId":"3854737e-9268-4638-be09-15063bb92e5f","quantity":1,"price":15000}]}
[2025-12-26T15:08:52.091Z] Success: 506e5a7e-5188-4e88-8dd4-93d8673401a5
[2025-12-26T15:12:38.837Z] Receiving Sync: {"offlineId":"d38d703d-a350-4da8-a683-ba09b35b4a55","storeId":"860ca321-5825-4ae7-bd12-58d5d998a7b9","cashierId":"a0781e1b-b3bb-4cb1-89cd-9634621c7e48","totalAmount":25000,"paymentMethod":"CASH","occurredAt":"2025-12-26T22:12:35.125","items":[{"productId":"03c87ca3-97e0-4754-a1e0-e225c6d56e35","quantity":2,"price":5000},{"productId":"3854737e-9268-4638-be09-15063bb92e5f","quantity":1,"price":15000}]}
[2025-12-26T15:12:39.070Z] Success: 012f5864-0525-4be9-bdb9-dd798c96d93f
[2025-12-28T17:01:57.041Z] Receiving Sync: {"offlineId":"2e1dd2a4-14dc-4070-bc28-a778de42220c","tenantId":"e43adf08-62b3-49e0-95b1-2aaddef14dba","storeId":"860ca321-5825-4ae7-bd12-58d5d998a7b9","cashierId":"a0781e1b-b3bb-4cb1-89cd-9634621c7e48","totalAmount":15000,"discount":0,"tax":0,"paymentMethod":"CASH","customerName":null,"notes":null,"status":"PENDING_SYNC","occurredAt":"2025-12-28T23:58:48.773","syncStatus":0,"items":[{"id":1,"transactionOfflineId":"2e1dd2a4-14dc-4070-bc28-a778de42220c","productId":"3854737e-9268-4638-be09-15063bb92e5f","name":"Americano","quantity":1,"price":15000,"costPrice":0}]}
[2025-12-28T17:01:57.161Z] Success: b79c9231-6030-43c0-a434-d6cefcf87e6c
[2025-12-28T17:04:12.321Z] Receiving Sync: {"offlineId":"2e1dd2a4-14dc-4070-bc28-a778de42220c","tenantId":"e43adf08-62b3-49e0-95b1-2aaddef14dba","storeId":"860ca321-5825-4ae7-bd12-58d5d998a7b9","cashierId":"a0781e1b-b3bb-4cb1-89cd-9634621c7e48","totalAmount":15000,"discount":0,"tax":0,"paymentMethod":"CASH","customerName":null,"notes":null,"status":"PENDING_SYNC","occurredAt":"2025-12-28T23:58:48.773","syncStatus":0,"items":[{"id":1,"transactionOfflineId":"2e1dd2a4-14dc-4070-bc28-a778de42220c","productId":"3854737e-9268-4638-be09-15063bb92e5f","name":"Americano","quantity":1,"price":15000,"costPrice":0}]}
[2025-12-28T17:04:12.390Z] Already Synced: b79c9231-6030-43c0-a434-d6cefcf87e6c
[2025-12-28T17:10:29.577Z] Receiving Sync: {"offlineId":"2e1dd2a4-14dc-4070-bc28-a778de42220c","tenantId":"e43adf08-62b3-49e0-95b1-2aaddef14dba","storeId":"860ca321-5825-4ae7-bd12-58d5d998a7b9","cashierId":"a0781e1b-b3bb-4cb1-89cd-9634621c7e48","totalAmount":15000,"discount":0,"tax":0,"paymentMethod":"CASH","customerName":null,"notes":null,"status":"PENDING_SYNC","occurredAt":"2025-12-28T23:58:48.773","syncStatus":0,"items":[{"id":1,"transactionOfflineId":"2e1dd2a4-14dc-4070-bc28-a778de42220c","productId":"3854737e-9268-4638-be09-15063bb92e5f","name":"Americano","quantity":1,"price":15000,"costPrice":0}]}
[2025-12-28T17:10:30.335Z] Already Synced: b79c9231-6030-43c0-a434-d6cefcf87e6c
[2025-12-28T17:17:23.766Z] Receiving Sync: {"offlineId":"2e1dd2a4-14dc-4070-bc28-a778de42220c","tenantId":"e43adf08-62b3-49e0-95b1-2aaddef14dba","storeId":"860ca321-5825-4ae7-bd12-58d5d998a7b9","cashierId":"a0781e1b-b3bb-4cb1-89cd-9634621c7e48","totalAmount":15000,"discount":0,"tax":0,"paymentMethod":"CASH","customerName":null,"notes":null,"status":"PENDING_SYNC","occurredAt":"2025-12-28T23:58:48.773","syncStatus":0,"items":[{"id":1,"transactionOfflineId":"2e1dd2a4-14dc-4070-bc28-a778de42220c","productId":"3854737e-9268-4638-be09-15063bb92e5f","name":"Americano","quantity":1,"price":15000,"costPrice":0}]}
[2025-12-28T17:17:23.828Z] Already Synced: b79c9231-6030-43c0-a434-d6cefcf87e6c
[2025-12-28T17:20:46.189Z] Receiving Sync: {"offlineId":"2e1dd2a4-14dc-4070-bc28-a778de42220c","tenantId":"e43adf08-62b3-49e0-95b1-2aaddef14dba","storeId":"860ca321-5825-4ae7-bd12-58d5d998a7b9","cashierId":"a0781e1b-b3bb-4cb1-89cd-9634621c7e48","totalAmount":15000,"discount":0,"tax":0,"paymentMethod":"CASH","customerName":null,"notes":null,"status":"PENDING_SYNC","occurredAt":"2025-12-28T23:58:48.773","syncStatus":0,"items":[{"id":1,"transactionOfflineId":"2e1dd2a4-14dc-4070-bc28-a778de42220c","productId":"3854737e-9268-4638-be09-15063bb92e5f","name":"Americano","quantity":1,"price":15000,"costPrice":0}]}
[2025-12-28T17:20:46.193Z] Already Synced: b79c9231-6030-43c0-a434-d6cefcf87e6c
[2025-12-29T05:52:40.770Z] Receiving Sync: {"offlineId":"c7e293be-df76-4e49-848b-40af55bf6984","storeId":"e14cfc41-c1f5-47cc-bffe-8bd7a17b5559","cashierId":"d928b821-0e13-421d-afac-a080d494ef72","totalAmount":10000,"paymentMethod":"CASH","occurredAt":"2025-12-29T12:52:36.928","items":[{"productId":"0b26ceda-e4de-4767-af70-e3bb7abb5ab2","quantity":2,"price":5000}]}
[2025-12-29T05:52:40.961Z] Success: 0fb3092a-166e-44dc-8b09-1d88a501f79a
[2025-12-29T05:59:43.011Z] Receiving Sync: {"offlineId":"c7e293be-df76-4e49-848b-40af55bf6984","tenantId":"06215a1e-db58-49e8-86f3-a1bc97c468b2","storeId":"e14cfc41-c1f5-47cc-bffe-8bd7a17b5559","cashierId":"d928b821-0e13-421d-afac-a080d494ef72","totalAmount":10000,"discount":0,"tax":0,"paymentMethod":"CASH","customerName":null,"notes":null,"status":"PENDING_SYNC","occurredAt":"2025-12-29T12:52:36.928","syncStatus":0,"items":[{"id":1,"transactionOfflineId":"c7e293be-df76-4e49-848b-40af55bf6984","productId":"0b26ceda-e4de-4767-af70-e3bb7abb5ab2","name":"Air Mineral 600ml","quantity":2,"price":5000,"costPrice":0}]}
[2025-12-29T05:59:43.074Z] Missing Products in DB: 0b26ceda-e4de-4767-af70-e3bb7abb5ab2
[2025-12-29T06:04:44.008Z] Receiving Sync: {"offlineId":"c7e293be-df76-4e49-848b-40af55bf6984","tenantId":"06215a1e-db58-49e8-86f3-a1bc97c468b2","storeId":"e14cfc41-c1f5-47cc-bffe-8bd7a17b5559","cashierId":"d928b821-0e13-421d-afac-a080d494ef72","totalAmount":10000,"discount":0,"tax":0,"paymentMethod":"CASH","customerName":null,"notes":null,"status":"PENDING_SYNC","occurredAt":"2025-12-29T12:52:36.928","syncStatus":0,"items":[{"id":1,"transactionOfflineId":"c7e293be-df76-4e49-848b-40af55bf6984","productId":"0b26ceda-e4de-4767-af70-e3bb7abb5ab2","name":"Air Mineral 600ml","quantity":2,"price":5000,"costPrice":0}]}
[2025-12-29T06:04:44.166Z] Missing Products in DB: 0b26ceda-e4de-4767-af70-e3bb7abb5ab2
[2025-12-29T06:11:10.232Z] Receiving Sync: {"offlineId":"c7e293be-df76-4e49-848b-40af55bf6984","tenantId":"06215a1e-db58-49e8-86f3-a1bc97c468b2","storeId":"e14cfc41-c1f5-47cc-bffe-8bd7a17b5559","cashierId":"d928b821-0e13-421d-afac-a080d494ef72","totalAmount":10000,"discount":0,"tax":0,"paymentMethod":"CASH","customerName":null,"notes":null,"status":"PENDING_SYNC","occurredAt":"2025-12-29T12:52:36.928","syncStatus":0,"items":[{"id":1,"transactionOfflineId":"c7e293be-df76-4e49-848b-40af55bf6984","productId":"0b26ceda-e4de-4767-af70-e3bb7abb5ab2","name":"Air Mineral 600ml","quantity":2,"price":5000,"costPrice":0}]}
[2025-12-29T06:11:10.357Z] Missing Products in DB: 0b26ceda-e4de-4767-af70-e3bb7abb5ab2
[2025-12-29T06:19:06.525Z] Receiving Sync: {"offlineId":"1a97e78a-5027-4523-b279-bfe91e2efd1e","storeId":"82d0053b-c138-43c3-a16a-2b227963efbf","cashierId":"130c8195-3e65-46b3-a393-4f3632c0f424","totalAmount":796,"paymentMethod":"CASH","occurredAt":"2025-12-29T13:19:03.375","items":[{"productId":"9f2c3996-20ba-4c6e-8354-f3bc5f81fb50","quantity":4,"price":199}]}
[2025-12-29T06:19:06.722Z] Success: 7ec43f06-dc0b-484b-ae0c-ff3e4f87f657
[2025-12-29T06:19:28.123Z] Receiving Sync: {"offlineId":"1a97e78a-5027-4523-b279-bfe91e2efd1e","storeId":"82d0053b-c138-43c3-a16a-2b227963efbf","cashierId":"130c8195-3e65-46b3-a393-4f3632c0f424","totalAmount":796,"paymentMethod":"CASH","occurredAt":"2025-12-29T13:19:03.375","items":[{"productId":"9f2c3996-20ba-4c6e-8354-f3bc5f81fb50","quantity":4,"price":199}]}
[2025-12-29T06:19:28.127Z] Already Synced: 7ec43f06-dc0b-484b-ae0c-ff3e4f87f657
[2025-12-29T06:21:06.640Z] Receiving Sync: {"offlineId":"1a97e78a-5027-4523-b279-bfe91e2efd1e","tenantId":"1ab5abc5-dfec-4ad8-b484-3de8617de7ad","storeId":"82d0053b-c138-43c3-a16a-2b227963efbf","cashierId":"130c8195-3e65-46b3-a393-4f3632c0f424","totalAmount":796,"discount":0,"tax":0,"paymentMethod":"CASH","customerName":null,"notes":null,"status":"PENDING_SYNC","occurredAt":"2025-12-29T13:19:03.375","syncStatus":0,"syncedAt":null,"items":[{"id":1,"transactionOfflineId":"1a97e78a-5027-4523-b279-bfe91e2efd1e","productId":"9f2c3996-20ba-4c6e-8354-f3bc5f81fb50","name":"Riyan","quantity":4,"price":199,"costPrice":99}]}
[2025-12-29T06:21:06.646Z] Already Synced: 7ec43f06-dc0b-484b-ae0c-ff3e4f87f657
[2025-12-29T06:21:21.749Z] Receiving Sync: {"offlineId":"c72d40c3-8e36-4320-90c3-11a7eae5fea3","storeId":"82d0053b-c138-43c3-a16a-2b227963efbf","cashierId":"130c8195-3e65-46b3-a393-4f3632c0f424","totalAmount":1592,"paymentMethod":"CASH","occurredAt":"2025-12-29T13:21:18.262","items":[{"productId":"9f2c3996-20ba-4c6e-8354-f3bc5f81fb50","quantity":8,"price":199}]}
[2025-12-29T06:21:21.767Z] Success: d43f89c5-01ed-469e-91a9-294b1cce4f97
[2025-12-29T09:48:15.266Z] Receiving Sync: {"offlineId":"a4136d17-244e-4880-b174-971b6662cb2b","storeId":"e14cfc41-c1f5-47cc-bffe-8bd7a17b5559","cashierId":"d928b821-0e13-421d-afac-a080d494ef72","totalAmount":76923,"paymentMethod":"CASH","occurredAt":"2025-12-29T16:48:12.127","items":[{"productId":"779a0c16-3873-4912-ae0b-dc5ee432d465","quantity":77,"price":999}]}
[2025-12-29T09:48:15.447Z] Success: 06230577-f53b-47f3-9ed0-d9ebd8e4b4d6
[2025-12-29T09:51:10.914Z] Receiving Sync: {"offlineId":"a4136d17-244e-4880-b174-971b6662cb2b","storeId":"e14cfc41-c1f5-47cc-bffe-8bd7a17b5559","cashierId":"d928b821-0e13-421d-afac-a080d494ef72","totalAmount":76923,"paymentMethod":"CASH","occurredAt":"2025-12-29T16:48:12.127","items":[{"productId":"779a0c16-3873-4912-ae0b-dc5ee432d465","quantity":77,"price":999}]}
[2025-12-29T09:51:10.916Z] Already Synced: 06230577-f53b-47f3-9ed0-d9ebd8e4b4d6
[2025-12-30T02:50:14.348Z] Receiving Sync: {"offlineId":"ae00a3b0-61ff-4694-a650-2854278b16f8","storeId":"e14cfc41-c1f5-47cc-bffe-8bd7a17b5559","cashierId":"d928b821-0e13-421d-afac-a080d494ef72","totalAmount":4995,"paymentMethod":"CASH","occurredAt":"2025-12-30T09:50:10.673","items":[{"productId":"779a0c16-3873-4912-ae0b-dc5ee432d465","quantity":5,"price":999}]}
[2025-12-30T02:50:14.633Z] Success: 196af5e1-4f4e-47d7-bbb0-a919f17740d4
